2023-12-06 14:54:00,296 [DEBUG] correlation.py:80 : Parsing rule outlier_email...
2023-12-06 14:54:00,297 [DEBUG] correlation.py:80 : Parsing rule human_name_in_whois...
2023-12-06 14:54:00,298 [DEBUG] correlation.py:80 : Parsing rule vulnerability_mediumlow...
2023-12-06 14:54:00,299 [DEBUG] correlation.py:80 : Parsing rule email_in_multiple_breaches...
2023-12-06 14:54:00,300 [DEBUG] correlation.py:80 : Parsing rule outlier_country...
2023-12-06 14:54:00,301 [DEBUG] correlation.py:80 : Parsing rule outlier_ipaddress...
2023-12-06 14:54:00,301 [DEBUG] correlation.py:80 : Parsing rule host_only_from_certificatetransparency...
2023-12-06 14:54:00,303 [DEBUG] correlation.py:80 : Parsing rule http_errors...
2023-12-06 14:54:00,304 [DEBUG] correlation.py:80 : Parsing rule host_only_from_bruteforce...
2023-12-06 14:54:00,305 [DEBUG] correlation.py:80 : Parsing rule cloud_bucket_open...
2023-12-06 14:54:00,306 [DEBUG] correlation.py:80 : Parsing rule stale_host...
2023-12-06 14:54:00,307 [DEBUG] correlation.py:80 : Parsing rule email_in_whois...
2023-12-06 14:54:00,308 [DEBUG] correlation.py:80 : Parsing rule cloud_bucket_open_related...
2023-12-06 14:54:00,309 [DEBUG] correlation.py:80 : Parsing rule outlier_webserver...
2023-12-06 14:54:00,310 [DEBUG] correlation.py:80 : Parsing rule multiple_malicious...
2023-12-06 14:54:00,311 [DEBUG] correlation.py:80 : Parsing rule internal_host...
2023-12-06 14:54:00,312 [DEBUG] correlation.py:80 : Parsing rule data_from_docmeta...
2023-12-06 14:54:00,313 [DEBUG] correlation.py:80 : Parsing rule vulnerability_high...
2023-12-06 14:54:00,313 [DEBUG] correlation.py:80 : Parsing rule cert_expired...
2023-12-06 14:54:00,314 [DEBUG] correlation.py:80 : Parsing rule database_exposed...
2023-12-06 14:54:00,315 [DEBUG] correlation.py:80 : Parsing rule outlier_registrar...
2023-12-06 14:54:00,316 [DEBUG] correlation.py:80 : Parsing rule root_path_needs_auth...
2023-12-06 14:54:00,316 [DEBUG] correlation.py:80 : Parsing rule name_only_from_pasteleak_site...
2023-12-06 14:54:00,318 [DEBUG] correlation.py:80 : Parsing rule outlier_cloud...
2023-12-06 14:54:00,318 [DEBUG] correlation.py:80 : Parsing rule open_port_version...
2023-12-06 14:54:00,319 [DEBUG] correlation.py:80 : Parsing rule data_from_base64...
2023-12-06 14:54:00,320 [DEBUG] correlation.py:80 : Parsing rule vulnerability_critical...
2023-12-06 14:54:00,321 [DEBUG] correlation.py:80 : Parsing rule dev_or_test_system...
2023-12-06 14:54:00,322 [DEBUG] correlation.py:80 : Parsing rule strong_similardomain_crossref...
2023-12-06 14:54:00,322 [DEBUG] correlation.py:80 : Parsing rule outlier_hostname...
2023-12-06 14:54:00,323 [DEBUG] correlation.py:80 : Parsing rule remote_desktop_exposed...
2023-12-06 14:54:00,324 [DEBUG] correlation.py:80 : Parsing rule strong_affiliate_certs...
2023-12-06 14:54:00,325 [DEBUG] correlation.py:80 : Parsing rule egress_ip_from_wikipedia...
2023-12-06 14:54:00,326 [DEBUG] correlation.py:80 : Parsing rule email_only_from_pasteleak_site...
2023-12-06 14:54:00,327 [DEBUG] correlation.py:80 : Parsing rule multiple_malicious_affiliate...
2023-12-06 14:54:00,328 [DEBUG] correlation.py:80 : Parsing rule multiple_malicious_cohost...
2023-12-06 14:54:00,329 [DEBUG] correlation.py:80 : Parsing rule dns_zone_transfer_possible...
2023-12-06 14:54:00,330 [INFO] sf.py:493 : Starting web server at 127.0.0.1:5001 ...
2023-12-06 14:54:00,337 [WARNING] sf.py:550 : 
********************************************************************
Warning: passwd file contains no passwords. Authentication disabled.
Please consider adding authentication to protect this instance!
Refer to https://www.spiderfoot.net/documentation/#security.
********************************************************************

2023-12-06 14:55:41,944 [DEBUG] correlation.py:80 : Parsing rule outlier_email...
2023-12-06 14:55:41,945 [DEBUG] correlation.py:80 : Parsing rule human_name_in_whois...
2023-12-06 14:55:41,946 [DEBUG] correlation.py:80 : Parsing rule vulnerability_mediumlow...
2023-12-06 14:55:41,947 [DEBUG] correlation.py:80 : Parsing rule email_in_multiple_breaches...
2023-12-06 14:55:41,948 [DEBUG] correlation.py:80 : Parsing rule outlier_country...
2023-12-06 14:55:41,948 [DEBUG] correlation.py:80 : Parsing rule outlier_ipaddress...
2023-12-06 14:55:41,949 [DEBUG] correlation.py:80 : Parsing rule host_only_from_certificatetransparency...
2023-12-06 14:55:41,950 [DEBUG] correlation.py:80 : Parsing rule http_errors...
2023-12-06 14:55:41,951 [DEBUG] correlation.py:80 : Parsing rule host_only_from_bruteforce...
2023-12-06 14:55:41,952 [DEBUG] correlation.py:80 : Parsing rule cloud_bucket_open...
2023-12-06 14:55:41,953 [DEBUG] correlation.py:80 : Parsing rule stale_host...
2023-12-06 14:55:41,954 [DEBUG] correlation.py:80 : Parsing rule email_in_whois...
2023-12-06 14:55:41,955 [DEBUG] correlation.py:80 : Parsing rule cloud_bucket_open_related...
2023-12-06 14:55:41,956 [DEBUG] correlation.py:80 : Parsing rule outlier_webserver...
2023-12-06 14:55:41,957 [DEBUG] correlation.py:80 : Parsing rule multiple_malicious...
2023-12-06 14:55:41,958 [DEBUG] correlation.py:80 : Parsing rule internal_host...
2023-12-06 14:55:41,958 [DEBUG] correlation.py:80 : Parsing rule data_from_docmeta...
2023-12-06 14:55:41,959 [DEBUG] correlation.py:80 : Parsing rule vulnerability_high...
2023-12-06 14:55:41,960 [DEBUG] correlation.py:80 : Parsing rule cert_expired...
2023-12-06 14:55:41,960 [DEBUG] correlation.py:80 : Parsing rule database_exposed...
2023-12-06 14:55:41,961 [DEBUG] correlation.py:80 : Parsing rule outlier_registrar...
2023-12-06 14:55:41,962 [DEBUG] correlation.py:80 : Parsing rule root_path_needs_auth...
2023-12-06 14:55:41,963 [DEBUG] correlation.py:80 : Parsing rule name_only_from_pasteleak_site...
2023-12-06 14:55:41,964 [DEBUG] correlation.py:80 : Parsing rule outlier_cloud...
2023-12-06 14:55:41,965 [DEBUG] correlation.py:80 : Parsing rule open_port_version...
2023-12-06 14:55:41,966 [DEBUG] correlation.py:80 : Parsing rule data_from_base64...
2023-12-06 14:55:41,966 [DEBUG] correlation.py:80 : Parsing rule vulnerability_critical...
2023-12-06 14:55:41,967 [DEBUG] correlation.py:80 : Parsing rule dev_or_test_system...
2023-12-06 14:55:41,968 [DEBUG] correlation.py:80 : Parsing rule strong_similardomain_crossref...
2023-12-06 14:55:41,968 [DEBUG] correlation.py:80 : Parsing rule outlier_hostname...
2023-12-06 14:55:41,969 [DEBUG] correlation.py:80 : Parsing rule remote_desktop_exposed...
2023-12-06 14:55:41,970 [DEBUG] correlation.py:80 : Parsing rule strong_affiliate_certs...
2023-12-06 14:55:41,971 [DEBUG] correlation.py:80 : Parsing rule egress_ip_from_wikipedia...
2023-12-06 14:55:41,972 [DEBUG] correlation.py:80 : Parsing rule email_only_from_pasteleak_site...
2023-12-06 14:55:41,973 [DEBUG] correlation.py:80 : Parsing rule multiple_malicious_affiliate...
2023-12-06 14:55:41,974 [DEBUG] correlation.py:80 : Parsing rule multiple_malicious_cohost...
2023-12-06 14:55:41,975 [DEBUG] correlation.py:80 : Parsing rule dns_zone_transfer_possible...
2023-12-06 14:55:41,976 [INFO] sf.py:493 : Starting web server at 127.0.0.1:5001 ...
2023-12-06 14:55:41,982 [WARNING] sf.py:550 : 
********************************************************************
Warning: passwd file contains no passwords. Authentication disabled.
Please consider adding authentication to protect this instance!
Refer to https://www.spiderfoot.net/documentation/#security.
********************************************************************

2023-12-06 14:56:16,805 [DEBUG] correlation.py:80 : Parsing rule outlier_email...
2023-12-06 14:56:16,806 [DEBUG] correlation.py:80 : Parsing rule human_name_in_whois...
2023-12-06 14:56:16,807 [DEBUG] correlation.py:80 : Parsing rule vulnerability_mediumlow...
2023-12-06 14:56:16,807 [DEBUG] correlation.py:80 : Parsing rule email_in_multiple_breaches...
2023-12-06 14:56:16,808 [DEBUG] correlation.py:80 : Parsing rule outlier_country...
2023-12-06 14:56:16,809 [DEBUG] correlation.py:80 : Parsing rule outlier_ipaddress...
2023-12-06 14:56:16,809 [DEBUG] correlation.py:80 : Parsing rule host_only_from_certificatetransparency...
2023-12-06 14:56:16,811 [DEBUG] correlation.py:80 : Parsing rule http_errors...
2023-12-06 14:56:16,812 [DEBUG] correlation.py:80 : Parsing rule host_only_from_bruteforce...
2023-12-06 14:56:16,813 [DEBUG] correlation.py:80 : Parsing rule cloud_bucket_open...
2023-12-06 14:56:16,814 [DEBUG] correlation.py:80 : Parsing rule stale_host...
2023-12-06 14:56:16,815 [DEBUG] correlation.py:80 : Parsing rule email_in_whois...
2023-12-06 14:56:16,816 [DEBUG] correlation.py:80 : Parsing rule cloud_bucket_open_related...
2023-12-06 14:56:16,817 [DEBUG] correlation.py:80 : Parsing rule outlier_webserver...
2023-12-06 14:56:16,818 [DEBUG] correlation.py:80 : Parsing rule multiple_malicious...
2023-12-06 14:56:16,819 [DEBUG] correlation.py:80 : Parsing rule internal_host...
2023-12-06 14:56:16,820 [DEBUG] correlation.py:80 : Parsing rule data_from_docmeta...
2023-12-06 14:56:16,821 [DEBUG] correlation.py:80 : Parsing rule vulnerability_high...
2023-12-06 14:56:16,821 [DEBUG] correlation.py:80 : Parsing rule cert_expired...
2023-12-06 14:56:16,823 [DEBUG] correlation.py:80 : Parsing rule database_exposed...
2023-12-06 14:56:16,824 [DEBUG] correlation.py:80 : Parsing rule outlier_registrar...
2023-12-06 14:56:16,825 [DEBUG] correlation.py:80 : Parsing rule root_path_needs_auth...
2023-12-06 14:56:16,826 [DEBUG] correlation.py:80 : Parsing rule name_only_from_pasteleak_site...
2023-12-06 14:56:16,827 [DEBUG] correlation.py:80 : Parsing rule outlier_cloud...
2023-12-06 14:56:16,828 [DEBUG] correlation.py:80 : Parsing rule open_port_version...
2023-12-06 14:56:16,828 [DEBUG] correlation.py:80 : Parsing rule data_from_base64...
2023-12-06 14:56:16,829 [DEBUG] correlation.py:80 : Parsing rule vulnerability_critical...
2023-12-06 14:56:16,830 [DEBUG] correlation.py:80 : Parsing rule dev_or_test_system...
2023-12-06 14:56:16,831 [DEBUG] correlation.py:80 : Parsing rule strong_similardomain_crossref...
2023-12-06 14:56:16,832 [DEBUG] correlation.py:80 : Parsing rule outlier_hostname...
2023-12-06 14:56:16,832 [DEBUG] correlation.py:80 : Parsing rule remote_desktop_exposed...
2023-12-06 14:56:16,833 [DEBUG] correlation.py:80 : Parsing rule strong_affiliate_certs...
2023-12-06 14:56:16,835 [DEBUG] correlation.py:80 : Parsing rule egress_ip_from_wikipedia...
2023-12-06 14:56:16,836 [DEBUG] correlation.py:80 : Parsing rule email_only_from_pasteleak_site...
2023-12-06 14:56:16,837 [DEBUG] correlation.py:80 : Parsing rule multiple_malicious_affiliate...
2023-12-06 14:56:16,839 [DEBUG] correlation.py:80 : Parsing rule multiple_malicious_cohost...
2023-12-06 14:56:16,842 [DEBUG] correlation.py:80 : Parsing rule dns_zone_transfer_possible...
2023-12-06 14:56:16,842 [INFO] sf.py:493 : Starting web server at 127.0.0.1:5001 ...
2023-12-06 14:56:16,849 [WARNING] sf.py:551 : 
********************************************************************
Warning: passwd file contains no passwords. Authentication disabled.
Please consider adding authentication to protect this instance!
Refer to https://www.spiderfoot.net/documentation/#security.
********************************************************************

2023-12-06 14:56:42,370 [DEBUG] correlation.py:80 : Parsing rule outlier_email...
2023-12-06 14:56:42,371 [DEBUG] correlation.py:80 : Parsing rule human_name_in_whois...
2023-12-06 14:56:42,372 [DEBUG] correlation.py:80 : Parsing rule vulnerability_mediumlow...
2023-12-06 14:56:42,373 [DEBUG] correlation.py:80 : Parsing rule email_in_multiple_breaches...
2023-12-06 14:56:42,373 [DEBUG] correlation.py:80 : Parsing rule outlier_country...
2023-12-06 14:56:42,374 [DEBUG] correlation.py:80 : Parsing rule outlier_ipaddress...
2023-12-06 14:56:42,375 [DEBUG] correlation.py:80 : Parsing rule host_only_from_certificatetransparency...
2023-12-06 14:56:42,376 [DEBUG] correlation.py:80 : Parsing rule http_errors...
2023-12-06 14:56:42,377 [DEBUG] correlation.py:80 : Parsing rule host_only_from_bruteforce...
2023-12-06 14:56:42,378 [DEBUG] correlation.py:80 : Parsing rule cloud_bucket_open...
2023-12-06 14:56:42,379 [DEBUG] correlation.py:80 : Parsing rule stale_host...
2023-12-06 14:56:42,380 [DEBUG] correlation.py:80 : Parsing rule email_in_whois...
2023-12-06 14:56:42,381 [DEBUG] correlation.py:80 : Parsing rule cloud_bucket_open_related...
2023-12-06 14:56:42,382 [DEBUG] correlation.py:80 : Parsing rule outlier_webserver...
2023-12-06 14:56:42,382 [DEBUG] correlation.py:80 : Parsing rule multiple_malicious...
2023-12-06 14:56:42,383 [DEBUG] correlation.py:80 : Parsing rule internal_host...
2023-12-06 14:56:42,384 [DEBUG] correlation.py:80 : Parsing rule data_from_docmeta...
2023-12-06 14:56:42,385 [DEBUG] correlation.py:80 : Parsing rule vulnerability_high...
2023-12-06 14:56:42,386 [DEBUG] correlation.py:80 : Parsing rule cert_expired...
2023-12-06 14:56:42,386 [DEBUG] correlation.py:80 : Parsing rule database_exposed...
2023-12-06 14:56:42,387 [DEBUG] correlation.py:80 : Parsing rule outlier_registrar...
2023-12-06 14:56:42,388 [DEBUG] correlation.py:80 : Parsing rule root_path_needs_auth...
2023-12-06 14:56:42,389 [DEBUG] correlation.py:80 : Parsing rule name_only_from_pasteleak_site...
2023-12-06 14:56:42,390 [DEBUG] correlation.py:80 : Parsing rule outlier_cloud...
2023-12-06 14:56:42,391 [DEBUG] correlation.py:80 : Parsing rule open_port_version...
2023-12-06 14:56:42,392 [DEBUG] correlation.py:80 : Parsing rule data_from_base64...
2023-12-06 14:56:42,392 [DEBUG] correlation.py:80 : Parsing rule vulnerability_critical...
2023-12-06 14:56:42,393 [DEBUG] correlation.py:80 : Parsing rule dev_or_test_system...
2023-12-06 14:56:42,394 [DEBUG] correlation.py:80 : Parsing rule strong_similardomain_crossref...
2023-12-06 14:56:42,394 [DEBUG] correlation.py:80 : Parsing rule outlier_hostname...
2023-12-06 14:56:42,395 [DEBUG] correlation.py:80 : Parsing rule remote_desktop_exposed...
2023-12-06 14:56:42,396 [DEBUG] correlation.py:80 : Parsing rule strong_affiliate_certs...
2023-12-06 14:56:42,397 [DEBUG] correlation.py:80 : Parsing rule egress_ip_from_wikipedia...
2023-12-06 14:56:42,398 [DEBUG] correlation.py:80 : Parsing rule email_only_from_pasteleak_site...
2023-12-06 14:56:42,399 [DEBUG] correlation.py:80 : Parsing rule multiple_malicious_affiliate...
2023-12-06 14:56:42,400 [DEBUG] correlation.py:80 : Parsing rule multiple_malicious_cohost...
2023-12-06 14:56:42,401 [DEBUG] correlation.py:80 : Parsing rule dns_zone_transfer_possible...
2023-12-06 14:56:42,402 [INFO] sf.py:493 : Starting web server at 127.0.0.1:5001 ...
2023-12-06 14:56:42,408 [WARNING] sf.py:551 : 
********************************************************************
Warning: passwd file contains no passwords. Authentication disabled.
Please consider adding authentication to protect this instance!
Refer to https://www.spiderfoot.net/documentation/#security.
********************************************************************

2023-12-06 15:02:06,994 [DEBUG] correlation.py:80 : Parsing rule outlier_email...
2023-12-06 15:02:06,995 [DEBUG] correlation.py:80 : Parsing rule human_name_in_whois...
2023-12-06 15:02:06,996 [DEBUG] correlation.py:80 : Parsing rule vulnerability_mediumlow...
2023-12-06 15:02:06,997 [DEBUG] correlation.py:80 : Parsing rule email_in_multiple_breaches...
2023-12-06 15:02:06,997 [DEBUG] correlation.py:80 : Parsing rule outlier_country...
2023-12-06 15:02:06,998 [DEBUG] correlation.py:80 : Parsing rule outlier_ipaddress...
2023-12-06 15:02:06,999 [DEBUG] correlation.py:80 : Parsing rule host_only_from_certificatetransparency...
2023-12-06 15:02:07,000 [DEBUG] correlation.py:80 : Parsing rule http_errors...
2023-12-06 15:02:07,001 [DEBUG] correlation.py:80 : Parsing rule host_only_from_bruteforce...
2023-12-06 15:02:07,002 [DEBUG] correlation.py:80 : Parsing rule cloud_bucket_open...
2023-12-06 15:02:07,003 [DEBUG] correlation.py:80 : Parsing rule stale_host...
2023-12-06 15:02:07,004 [DEBUG] correlation.py:80 : Parsing rule email_in_whois...
2023-12-06 15:02:07,005 [DEBUG] correlation.py:80 : Parsing rule cloud_bucket_open_related...
2023-12-06 15:02:07,005 [DEBUG] correlation.py:80 : Parsing rule outlier_webserver...
2023-12-06 15:02:07,006 [DEBUG] correlation.py:80 : Parsing rule multiple_malicious...
2023-12-06 15:02:07,007 [DEBUG] correlation.py:80 : Parsing rule internal_host...
2023-12-06 15:02:07,008 [DEBUG] correlation.py:80 : Parsing rule data_from_docmeta...
2023-12-06 15:02:07,009 [DEBUG] correlation.py:80 : Parsing rule vulnerability_high...
2023-12-06 15:02:07,009 [DEBUG] correlation.py:80 : Parsing rule cert_expired...
2023-12-06 15:02:07,010 [DEBUG] correlation.py:80 : Parsing rule database_exposed...
2023-12-06 15:02:07,011 [DEBUG] correlation.py:80 : Parsing rule outlier_registrar...
2023-12-06 15:02:07,011 [DEBUG] correlation.py:80 : Parsing rule root_path_needs_auth...
2023-12-06 15:02:07,012 [DEBUG] correlation.py:80 : Parsing rule name_only_from_pasteleak_site...
2023-12-06 15:02:07,013 [DEBUG] correlation.py:80 : Parsing rule outlier_cloud...
2023-12-06 15:02:07,014 [DEBUG] correlation.py:80 : Parsing rule open_port_version...
2023-12-06 15:02:07,015 [DEBUG] correlation.py:80 : Parsing rule data_from_base64...
2023-12-06 15:02:07,016 [DEBUG] correlation.py:80 : Parsing rule vulnerability_critical...
2023-12-06 15:02:07,016 [DEBUG] correlation.py:80 : Parsing rule dev_or_test_system...
2023-12-06 15:02:07,017 [DEBUG] correlation.py:80 : Parsing rule strong_similardomain_crossref...
2023-12-06 15:02:07,018 [DEBUG] correlation.py:80 : Parsing rule outlier_hostname...
2023-12-06 15:02:07,019 [DEBUG] correlation.py:80 : Parsing rule remote_desktop_exposed...
2023-12-06 15:02:07,019 [DEBUG] correlation.py:80 : Parsing rule strong_affiliate_certs...
2023-12-06 15:02:07,021 [DEBUG] correlation.py:80 : Parsing rule egress_ip_from_wikipedia...
2023-12-06 15:02:07,022 [DEBUG] correlation.py:80 : Parsing rule email_only_from_pasteleak_site...
2023-12-06 15:02:07,023 [DEBUG] correlation.py:80 : Parsing rule multiple_malicious_affiliate...
2023-12-06 15:02:07,024 [DEBUG] correlation.py:80 : Parsing rule multiple_malicious_cohost...
2023-12-06 15:02:07,025 [DEBUG] correlation.py:80 : Parsing rule dns_zone_transfer_possible...
2023-12-06 15:02:07,025 [INFO] sf.py:493 : Starting web server at 127.0.0.1:5001 ...
2023-12-06 15:02:07,032 [INFO] sf.py:537 : Enabling authentication based on supplied passwd file.
2023-12-06 15:07:56,079 [DEBUG] correlation.py:80 : Parsing rule outlier_email...
2023-12-06 15:07:56,080 [DEBUG] correlation.py:80 : Parsing rule human_name_in_whois...
2023-12-06 15:07:56,081 [DEBUG] correlation.py:80 : Parsing rule vulnerability_mediumlow...
2023-12-06 15:07:56,082 [DEBUG] correlation.py:80 : Parsing rule email_in_multiple_breaches...
2023-12-06 15:07:56,083 [DEBUG] correlation.py:80 : Parsing rule outlier_country...
2023-12-06 15:07:56,083 [DEBUG] correlation.py:80 : Parsing rule outlier_ipaddress...
2023-12-06 15:07:56,084 [DEBUG] correlation.py:80 : Parsing rule host_only_from_certificatetransparency...
2023-12-06 15:07:56,085 [DEBUG] correlation.py:80 : Parsing rule http_errors...
2023-12-06 15:07:56,086 [DEBUG] correlation.py:80 : Parsing rule host_only_from_bruteforce...
2023-12-06 15:07:56,087 [DEBUG] correlation.py:80 : Parsing rule cloud_bucket_open...
2023-12-06 15:07:56,088 [DEBUG] correlation.py:80 : Parsing rule stale_host...
2023-12-06 15:07:56,090 [DEBUG] correlation.py:80 : Parsing rule email_in_whois...
2023-12-06 15:07:56,090 [DEBUG] correlation.py:80 : Parsing rule cloud_bucket_open_related...
2023-12-06 15:07:56,091 [DEBUG] correlation.py:80 : Parsing rule outlier_webserver...
2023-12-06 15:07:56,092 [DEBUG] correlation.py:80 : Parsing rule multiple_malicious...
2023-12-06 15:07:56,093 [DEBUG] correlation.py:80 : Parsing rule internal_host...
2023-12-06 15:07:56,094 [DEBUG] correlation.py:80 : Parsing rule data_from_docmeta...
2023-12-06 15:07:56,094 [DEBUG] correlation.py:80 : Parsing rule vulnerability_high...
2023-12-06 15:07:56,095 [DEBUG] correlation.py:80 : Parsing rule cert_expired...
2023-12-06 15:07:56,096 [DEBUG] correlation.py:80 : Parsing rule database_exposed...
2023-12-06 15:07:56,097 [DEBUG] correlation.py:80 : Parsing rule outlier_registrar...
2023-12-06 15:07:56,097 [DEBUG] correlation.py:80 : Parsing rule root_path_needs_auth...
2023-12-06 15:07:56,098 [DEBUG] correlation.py:80 : Parsing rule name_only_from_pasteleak_site...
2023-12-06 15:07:56,099 [DEBUG] correlation.py:80 : Parsing rule outlier_cloud...
2023-12-06 15:07:56,100 [DEBUG] correlation.py:80 : Parsing rule open_port_version...
2023-12-06 15:07:56,101 [DEBUG] correlation.py:80 : Parsing rule data_from_base64...
2023-12-06 15:07:56,101 [DEBUG] correlation.py:80 : Parsing rule vulnerability_critical...
2023-12-06 15:07:56,102 [DEBUG] correlation.py:80 : Parsing rule dev_or_test_system...
2023-12-06 15:07:56,103 [DEBUG] correlation.py:80 : Parsing rule strong_similardomain_crossref...
2023-12-06 15:07:56,104 [DEBUG] correlation.py:80 : Parsing rule outlier_hostname...
2023-12-06 15:07:56,104 [DEBUG] correlation.py:80 : Parsing rule remote_desktop_exposed...
2023-12-06 15:07:56,105 [DEBUG] correlation.py:80 : Parsing rule strong_affiliate_certs...
2023-12-06 15:07:56,106 [DEBUG] correlation.py:80 : Parsing rule egress_ip_from_wikipedia...
2023-12-06 15:07:56,108 [DEBUG] correlation.py:80 : Parsing rule email_only_from_pasteleak_site...
2023-12-06 15:07:56,109 [DEBUG] correlation.py:80 : Parsing rule multiple_malicious_affiliate...
2023-12-06 15:07:56,110 [DEBUG] correlation.py:80 : Parsing rule multiple_malicious_cohost...
2023-12-06 15:07:56,111 [DEBUG] correlation.py:80 : Parsing rule dns_zone_transfer_possible...
2023-12-06 15:07:56,111 [INFO] sf.py:493 : Starting web server at 127.0.0.1:5001 ...
2023-12-06 15:07:56,118 [WARNING] sf.py:550 : 
********************************************************************
Warning: passwd file contains no passwords. Authentication disabled.
Please consider adding authentication to protect this instance!
Refer to https://www.spiderfoot.net/documentation/#security.
********************************************************************

2023-12-06 15:53:02,328 [DEBUG] correlation.py:80 : Parsing rule outlier_email...
2023-12-06 15:53:02,330 [DEBUG] correlation.py:80 : Parsing rule human_name_in_whois...
2023-12-06 15:53:02,331 [DEBUG] correlation.py:80 : Parsing rule vulnerability_mediumlow...
2023-12-06 15:53:02,333 [DEBUG] correlation.py:80 : Parsing rule email_in_multiple_breaches...
2023-12-06 15:53:02,334 [DEBUG] correlation.py:80 : Parsing rule outlier_country...
2023-12-06 15:53:02,335 [DEBUG] correlation.py:80 : Parsing rule outlier_ipaddress...
2023-12-06 15:53:02,336 [DEBUG] correlation.py:80 : Parsing rule host_only_from_certificatetransparency...
2023-12-06 15:53:02,338 [DEBUG] correlation.py:80 : Parsing rule http_errors...
2023-12-06 15:53:02,340 [DEBUG] correlation.py:80 : Parsing rule host_only_from_bruteforce...
2023-12-06 15:53:02,341 [DEBUG] correlation.py:80 : Parsing rule cloud_bucket_open...
2023-12-06 15:53:02,343 [DEBUG] correlation.py:80 : Parsing rule stale_host...
2023-12-06 15:53:02,345 [DEBUG] correlation.py:80 : Parsing rule email_in_whois...
2023-12-06 15:53:02,346 [DEBUG] correlation.py:80 : Parsing rule cloud_bucket_open_related...
2023-12-06 15:53:02,347 [DEBUG] correlation.py:80 : Parsing rule outlier_webserver...
2023-12-06 15:53:02,348 [DEBUG] correlation.py:80 : Parsing rule multiple_malicious...
2023-12-06 15:53:02,350 [DEBUG] correlation.py:80 : Parsing rule internal_host...
2023-12-06 15:53:02,351 [DEBUG] correlation.py:80 : Parsing rule data_from_docmeta...
2023-12-06 15:53:02,352 [DEBUG] correlation.py:80 : Parsing rule vulnerability_high...
2023-12-06 15:53:02,353 [DEBUG] correlation.py:80 : Parsing rule cert_expired...
2023-12-06 15:53:02,354 [DEBUG] correlation.py:80 : Parsing rule database_exposed...
2023-12-06 15:53:02,355 [DEBUG] correlation.py:80 : Parsing rule outlier_registrar...
2023-12-06 15:53:02,356 [DEBUG] correlation.py:80 : Parsing rule root_path_needs_auth...
2023-12-06 15:53:02,357 [DEBUG] correlation.py:80 : Parsing rule name_only_from_pasteleak_site...
2023-12-06 15:53:02,358 [DEBUG] correlation.py:80 : Parsing rule outlier_cloud...
2023-12-06 15:53:02,359 [DEBUG] correlation.py:80 : Parsing rule open_port_version...
2023-12-06 15:53:02,360 [DEBUG] correlation.py:80 : Parsing rule data_from_base64...
2023-12-06 15:53:02,361 [DEBUG] correlation.py:80 : Parsing rule vulnerability_critical...
2023-12-06 15:53:02,362 [DEBUG] correlation.py:80 : Parsing rule dev_or_test_system...
2023-12-06 15:53:02,363 [DEBUG] correlation.py:80 : Parsing rule strong_similardomain_crossref...
2023-12-06 15:53:02,364 [DEBUG] correlation.py:80 : Parsing rule outlier_hostname...
2023-12-06 15:53:02,365 [DEBUG] correlation.py:80 : Parsing rule remote_desktop_exposed...
2023-12-06 15:53:02,366 [DEBUG] correlation.py:80 : Parsing rule strong_affiliate_certs...
2023-12-06 15:53:02,367 [DEBUG] correlation.py:80 : Parsing rule egress_ip_from_wikipedia...
2023-12-06 15:53:02,369 [DEBUG] correlation.py:80 : Parsing rule email_only_from_pasteleak_site...
2023-12-06 15:53:02,370 [DEBUG] correlation.py:80 : Parsing rule multiple_malicious_affiliate...
2023-12-06 15:53:02,371 [DEBUG] correlation.py:80 : Parsing rule multiple_malicious_cohost...
2023-12-06 15:53:02,372 [DEBUG] correlation.py:80 : Parsing rule dns_zone_transfer_possible...
2023-12-06 15:53:02,373 [INFO] sf.py:493 : Starting web server at 127.0.0.1:5001 ...
2023-12-06 15:53:02,379 [WARNING] sf.py:550 : 
********************************************************************
Warning: passwd file contains no passwords. Authentication disabled.
Please consider adding authentication to protect this instance!
Refer to https://www.spiderfoot.net/documentation/#security.
********************************************************************

